{"message":"hostname: Elis-MacBook.local","level":"info"}
{"message":"*** Listening *** :: Elis-MacBook.local, localhost: true","level":"info"}
{"message":"Listening on http://Elis-MacBook.local:8081","level":"info"}
{"message":"hostname: Elis-MacBook.local","level":"info"}
{"message":"*** Listening *** :: Elis-MacBook.local, localhost: true","level":"info"}
{"message":"Listening on http://Elis-MacBook.local:8081","level":"info"}
{"message":"hostname: Elis-MacBook.local","level":"info"}
{"message":"*** Listening *** :: Elis-MacBook.local, localhost: true","level":"info"}
{"message":"Listening on http://Elis-MacBook.local:8081","level":"info"}
{"message":"hostname: Elis-MacBook.local","level":"info"}
{"message":"*** Listening *** :: Elis-MacBook.local, localhost: true","level":"info"}
{"message":"Listening on http://Elis-MacBook.local:8081","level":"info"}
{"message":"hostname: Elis-MacBook.local","level":"info"}
{"message":"*** Listening *** :: Elis-MacBook.local, localhost: true","level":"info"}
{"message":"Listening on http://Elis-MacBook.local:8081","level":"info"}
{"message":"hostname: Elis-MacBook.local","level":"info"}
{"message":"*** Listening *** :: Elis-MacBook.local, localhost: true","level":"info"}
{"message":"Listening on http://Elis-MacBook.local:8081","level":"info"}
{"message":"hostname: Elis-MacBook.local","level":"info"}
{"message":"*** Listening *** :: Elis-MacBook.local, localhost: true","level":"info"}
{"message":"Listening on http://Elis-MacBook.local:8081","level":"info"}
{"message":"hostname: Elis-MacBook.local","level":"info"}
{"message":"*** Listening *** :: Elis-MacBook.local, localhost: true","level":"info"}
{"message":"db_host: mongodb://eli:justPassw0rd@localhost/EliElrom","level":"info"}
{"message":"Listening on http://Elis-MacBook.local:8081","level":"info"}
{"message":"hostname: Elis-MacBook.local","level":"info"}
{"message":"*** Listening *** :: Elis-MacBook.local, localhost: true","level":"info"}
{"message":"db_host: mongodb://eli:justPassw0rd@localhost/EliElrom","level":"info"}
{"message":"Listening on http://Elis-MacBook.local:8081","level":"info"}
{"message":"hostname: Elis-MacBook.local","level":"info"}
{"message":"*** Listening *** :: Elis-MacBook.local, localhost: true","level":"info"}
{"message":"db_host: mongodb://eli:justPassw0rd@localhost/EliElrom","level":"info"}
{"message":"Listening on http://Elis-MacBook.local:8081","level":"info"}
{"message":"hostname: Elis-MacBook.local","level":"info"}
{"message":"*** Listening *** :: Elis-MacBook.local, localhost: true","level":"info"}
{"message":"db_host: mongodb://eli:justPassw0rd@localhost/EliElrom","level":"info"}
{"message":"Listening on http://Elis-MacBook.local:8081","level":"info"}
{"message":"---------- validate ----------","level":"info"}
{"message":"validate.js :: checkUserInfo","level":"info"}
{"message":"hostname: Elis-MacBook.local","level":"info"}
{"message":"*** Listening *** :: Elis-MacBook.local, localhost: true","level":"info"}
{"message":"db_host: mongodb://eli:justPassw0rd@localhost/EliElrom","level":"info"}
{"message":"Listening on http://Elis-MacBook.local:8081","level":"info"}
{"message":"hostname: Elis-MacBook.local","level":"info"}
{"message":"*** Listening *** :: Elis-MacBook.local, localhost: true","level":"info"}
{"message":"db_host: mongodb://eli:justPassw0rd@localhost/EliElrom","level":"info"}
{"message":"Listening on http://Elis-MacBook.local:8081","level":"info"}
{"message":"hostname: Elis-MacBook.local","level":"info"}
{"message":"*** Listening *** :: Elis-MacBook.local, localhost: true","level":"info"}
{"message":"db_host: mongodb://eli:justPassw0rd@localhost/EliElrom","level":"info"}
{"message":"Listening on http://Elis-MacBook.local:8081","level":"info"}
{"message":"hostname: Elis-MacBook.local","level":"info"}
{"message":"*** Listening *** :: Elis-MacBook.local, localhost: true","level":"info"}
{"message":"db_host: mongodb://eli:justPassw0rd@localhost/EliElrom","level":"info"}
{"message":"Listening on http://Elis-MacBook.local:8081","level":"info"}
{"message":"hostname: Elis-MacBook.local","level":"info"}
{"message":"*** Listening *** :: Elis-MacBook.local, localhost: true","level":"info"}
{"message":"db_host: mongodb://eli:justPassw0rd@localhost/EliElrom","level":"info"}
{"message":"Listening on http://Elis-MacBook.local:8081","level":"info"}
{"message":"hostname: Elis-MacBook.local","level":"info"}
{"message":"*** Listening *** :: Elis-MacBook.local, localhost: true","level":"info"}
{"message":"db_host: mongodb://eli:justPassw0rd@localhost/EliElrom","level":"info"}
{"message":"Listening on http://Elis-MacBook.local:8081","level":"info"}
{"message":"---------- validate ----------","level":"info"}
{"message":"validate.js :: checkUserInfo","level":"info"}
{"message":"hostname: Elis-MacBook.local","level":"info"}
{"message":"*** Listening *** :: Elis-MacBook.local, localhost: true","level":"info"}
{"message":"db_host: mongodb://eli:justPassw0rd@localhost/EliElrom","level":"info"}
{"message":"Listening on http://Elis-MacBook.local:8081","level":"info"}
{"message":"hostname: Elis-MacBook.local","level":"info"}
{"message":"*** Listening *** :: Elis-MacBook.local, localhost: true","level":"info"}
{"message":"db_host: mongodb://eli:justPassw0rd@localhost/EliElrom","level":"info"}
{"message":"Listening on http://Elis-MacBook.local:8081","level":"info"}
{"message":"hostname: Elis-MacBook.local","level":"info"}
{"message":"*** Listening *** :: Elis-MacBook.local, localhost: true","level":"info"}
{"message":"db_host: mongodb://eli:justPassw0rd@localhost/EliElrom","level":"info"}
{"message":"Listening on http://Elis-MacBook.local:8081","level":"info"}
{"message":"hostname: Elis-MacBook.local","level":"info"}
{"message":"*** Listening *** :: Elis-MacBook.local, localhost: true","level":"info"}
{"message":"db_host: mongodb://eli:justPassw0rd@localhost/EliElrom","level":"info"}
{"message":"Listening on http://Elis-MacBook.local:8081","level":"info"}
{"message":"hostname: Elis-MacBook.local","level":"info"}
{"message":"*** Listening *** :: Elis-MacBook.local, localhost: true","level":"info"}
{"message":"db_host: mongodb://eli:justPassw0rd@localhost/EliElrom","level":"info"}
{"message":"Listening on http://Elis-MacBook.local:8081","level":"info"}
{"message":"hostname: Elis-MacBook.local","level":"info"}
{"message":"*** Listening *** :: Elis-MacBook.local, localhost: true","level":"info"}
{"message":"db_host: mongodb://eli:justPassw0rd@localhost/EliElrom","level":"info"}
{"message":"Listening on http://Elis-MacBook.local:8081","level":"info"}
{"message":"---------- validate ----------","level":"info"}
{"message":"validate.js :: checkUserInfo","level":"info"}
{"message":"hostname: Elis-MacBook.local","level":"info"}
{"message":"*** Listening *** :: Elis-MacBook.local, localhost: true","level":"info"}
{"message":"db_host: mongodb://eli:justPassw0rd@localhost/EliElrom","level":"info"}
{"message":"Listening on http://Elis-MacBook.local:8081","level":"info"}
{"message":"hostname: Elis-MacBook.local","level":"info"}
{"message":"*** Listening *** :: Elis-MacBook.local, localhost: true","level":"info"}
{"message":"db_host: mongodb://eli:justPassw0rd@localhost/EliElrom","level":"info"}
{"message":"Listening on http://Elis-MacBook.local:8081","level":"info"}
{"message":"---------- validate ----------","level":"info"}
{"message":"validate.js :: checkUserInfo","level":"info"}
{"message":"---------- validate ----------","level":"info"}
{"message":"validate.js :: checkUserInfo","level":"info"}
{"message":"hostname: Elis-MacBook.local","level":"info"}
{"message":"*** Listening *** :: Elis-MacBook.local, localhost: true","level":"info"}
{"message":"db_host: mongodb://eli:justPassw0rd@localhost/EliElrom","level":"info"}
{"message":"Listening on http://Elis-MacBook.local:8081","level":"info"}
{"message":"hostname: Elis-MacBook.local","level":"info"}
{"message":"*** Listening *** :: Elis-MacBook.local, localhost: true","level":"info"}
{"message":"db_host: mongodb://eli:justPassw0rd@localhost/EliElrom","level":"info"}
{"message":"Listening on http://Elis-MacBook.local:8081","level":"info"}
{"message":"---------- validate ----------","level":"info"}
{"message":"validate.js :: checkUserInfo","level":"info"}
{"message":"hostname: Elis-MacBook.local","level":"info"}
{"message":"*** Listening *** :: Elis-MacBook.local, localhost: true","level":"info"}
{"message":"db_host: mongodb://eli:justPassw0rd@localhost/EliElrom","level":"info"}
{"message":"Listening on http://Elis-MacBook.local:8081","level":"info"}
{"message":"---------- validate ----------","level":"info"}
{"message":"validate.js :: checkUserInfo","level":"info"}
{"message":"hostname: Elis-MacBook.local","level":"info"}
{"message":"*** Listening *** :: Elis-MacBook.local, localhost: true","level":"info"}
{"message":"db_host: mongodb://eli:justPassw0rd@localhost/EliElrom","level":"info"}
{"message":"Listening on http://Elis-MacBook.local:8081","level":"info"}
{"message":"hostname: Elis-MacBook.local","level":"info"}
{"message":"*** Listening *** :: Elis-MacBook.local, localhost: true","level":"info"}
{"message":"db_host: mongodb://eli:justPassw0rd@localhost/EliElrom","level":"info"}
{"message":"Listening on http://Elis-MacBook.local:8081","level":"info"}
{"message":"hostname: Elis-MacBook.local","level":"info"}
{"message":"*** Listening *** :: Elis-MacBook.local, localhost: true","level":"info"}
{"message":"db_host: mongodb://eli:justPassw0rd@localhost/EliElrom","level":"info"}
{"message":"Listening on http://Elis-MacBook.local:8081","level":"info"}
{"message":"---------- validate ----------","level":"info"}
{"message":"validate.js :: checkUserInfo","level":"info"}
{"message":"---------- validate ----------","level":"info"}
{"message":"validate.js :: checkUserInfo","level":"info"}
{"message":"hostname: Elis-MacBook.local","level":"info"}
{"message":"*** Listening *** :: Elis-MacBook.local, localhost: true","level":"info"}
{"message":"db_host: mongodb://eli:justPassw0rd@localhost/EliElrom","level":"info"}
{"message":"Listening on http://Elis-MacBook.local:8081","level":"info"}
{"message":"---------- validate ----------","level":"info"}
{"message":"validate.js :: checkUserInfo","level":"info"}
{"message":"hostname: Elis-MacBook.local","level":"info"}
{"message":"*** Listening *** :: Elis-MacBook.local, localhost: true","level":"info"}
{"message":"db_host: mongodb://eli:justPassw0rd@localhost/EliElrom","level":"info"}
{"message":"Listening on http://Elis-MacBook.local:8081","level":"info"}
{"message":"---------- validate ----------","level":"info"}
{"message":"validate.js :: checkUserInfo","level":"info"}
{"message":"hostname: Elis-MacBook.local","level":"info"}
{"message":"*** Listening *** :: Elis-MacBook.local, localhost: true","level":"info"}
{"message":"db_host: mongodb://eli:justPassw0rd@localhost/EliElrom","level":"info"}
{"message":"Listening on http://Elis-MacBook.local:8081","level":"info"}
{"message":"---------- validate ----------","level":"info"}
{"message":"validate.js :: checkUserInfo","level":"info"}
{"message":"---------- validate ----------","level":"info"}
{"message":"validate.js :: checkUserInfo","level":"info"}
{"message":"---------- validate ----------","level":"info"}
{"message":"validate.js :: checkUserInfo","level":"info"}
{"message":"hostname: Elis-MacBook.local","level":"info"}
{"message":"*** Listening *** :: Elis-MacBook.local, localhost: true","level":"info"}
{"message":"db_host: mongodb://eli:justPassw0rd@localhost/EliElrom","level":"info"}
{"message":"Listening on http://Elis-MacBook.local:8081","level":"info"}
{"message":"---------- validate ----------","level":"info"}
{"message":"validate.js :: checkUserInfo","level":"info"}
{"message":"find youremail@gmail.com","level":"info"}
{"message":"---------- validate ----------","level":"info"}
{"message":"validate.js :: checkUserInfo","level":"info"}
{"message":"find youremail@gmail.com","level":"info"}
{"message":"hostname: Elis-MacBook.local","level":"info"}
{"message":"*** Listening *** :: Elis-MacBook.local, localhost: true","level":"info"}
{"message":"db_host: mongodb://eli:justPassw0rd@localhost/EliElrom","level":"info"}
{"message":"Listening on http://Elis-MacBook.local:8081","level":"info"}
{"message":"---------- validate ----------","level":"info"}
{"message":"validate.js :: checkUserInfo","level":"info"}
{"message":"---------- validate ----------","level":"info"}
{"message":"validate.js :: checkUserInfo","level":"info"}
{"message":"hostname: Elis-MacBook.local","level":"info"}
{"message":"*** Listening *** :: Elis-MacBook.local, localhost: true","level":"info"}
{"message":"db_host: mongodb://eli:justPassw0rd@localhost/EliElrom","level":"info"}
{"message":"Listening on http://Elis-MacBook.local:8081","level":"info"}
{"message":"---------- validate ----------","level":"info"}
{"message":"validate.js :: checkUserInfo","level":"info"}
{"message":"---------- validate ----------","level":"info"}
{"message":"validate.js :: checkUserInfo","level":"info"}
{"message":"---------- validate ----------","level":"info"}
{"message":"validate.js :: checkUserInfo","level":"info"}
{"message":"---------- validate ----------","level":"info"}
{"message":"validate.js :: checkUserInfo","level":"info"}
{"message":"---------- validate ----------","level":"info"}
{"message":"validate.js :: checkUserInfo","level":"info"}
{"message":"---------- validate ----------","level":"info"}
{"message":"validate.js :: checkUserInfo","level":"info"}
{"message":"---------- validate ----------","level":"info"}
{"message":"validate.js :: checkUserInfo","level":"info"}
{"message":"hostname: Elis-MacBook.local","level":"info"}
{"message":"*** Listening *** :: Elis-MacBook.local, localhost: true","level":"info"}
{"message":"db_host: mongodb://eli:justPassw0rd@localhost/EliElrom","level":"info"}
{"message":"Listening on http://Elis-MacBook.local:8081","level":"info"}
{"message":"---------- validate ----------","level":"info"}
{"message":"validate.js :: checkUserInfo","level":"info"}
{"message":"---------- validate ----------","level":"info"}
{"message":"validate.js :: checkUserInfo","level":"info"}
{"message":"---------- validate ----------","level":"info"}
{"message":"validate.js :: checkUserInfo","level":"info"}
{"message":"---------- validate ----------","level":"info"}
{"message":"validate.js :: checkUserInfo","level":"info"}
{"message":"---------- validate ----------","level":"info"}
{"message":"validate.js :: checkUserInfo","level":"info"}
{"message":"---------- validate ----------","level":"info"}
{"message":"validate.js :: checkUserInfo","level":"info"}
{"message":"hostname: Elis-MacBook.local","level":"info"}
{"message":"*** Listening *** :: Elis-MacBook.local, localhost: true","level":"info"}
{"message":"db_host: mongodb://eli:justPassw0rd@localhost/EliElrom","level":"info"}
{"message":"Listening on http://Elis-MacBook.local:8081","level":"info"}
{"message":"---------- validate ----------","level":"info"}
{"message":"validate.js :: checkUserInfo","level":"info"}
{"message":"---------- validate ----------","level":"info"}
{"message":"validate.js :: checkUserInfo","level":"info"}
{"message":"---------- validate ----------","level":"info"}
{"message":"validate.js :: checkUserInfo","level":"info"}
{"message":"---------- validate ----------","level":"info"}
{"message":"validate.js :: checkUserInfo","level":"info"}
{"message":"---------- validate ----------","level":"info"}
{"message":"validate.js :: checkUserInfo","level":"info"}
{"message":"---------- validate ----------","level":"info"}
{"message":"validate.js :: checkUserInfo","level":"info"}
{"message":"---------- validate ----------","level":"info"}
{"message":"validate.js :: checkUserInfo","level":"info"}
{"message":"---------- validate ----------","level":"info"}
{"message":"validate.js :: checkUserInfo","level":"info"}
{"message":"---------- validate ----------","level":"info"}
{"message":"validate.js :: checkUserInfo","level":"info"}
{"message":"---------- validate ----------","level":"info"}
{"message":"validate.js :: checkUserInfo","level":"info"}
{"message":"---------- validate ----------","level":"info"}
{"message":"validate.js :: checkUserInfo","level":"info"}
{"message":"---------- validate ----------","level":"info"}
{"message":"validate.js :: checkUserInfo","level":"info"}
{"message":"---------- register ----------","level":"info"}
{"message":"---------- register :: readUserInfoFromDB ----------","level":"info"}
{"message":"---------- register :: insertUser isUserExists :: false, member_id: -1","level":"info"}
{"message":"---------- register :: insertUser :: user_password : 123456","level":"info"}
{"message":"register :: getUserId","level":"info"}
{"message":"---------- register ----------","level":"info"}
{"message":"---------- register :: readUserInfoFromDB ----------","level":"info"}
{"message":"---------- register :: insertUser isUserExists :: false, member_id: -1","level":"info"}
{"message":"---------- register :: insertUser :: user_password : 123456","level":"info"}
{"message":"register :: getUserId","level":"info"}
{"message":"---------- validate ----------","level":"info"}
{"message":"validate.js :: checkUserInfo","level":"info"}
